24-09-2024 11:41:45 error: Error message
24-09-2024 11:41:45 warn: Warn message
24-09-2024 11:41:45 info: Hello world
24-09-2024 11:41:45 verbose: Verbose message
24-09-2024 11:41:45 debug: Debugging info
24-09-2024 11:55:04 error: Error message
24-09-2024 11:55:04 warn: Warn message
24-09-2024 11:55:04 info: Hello world
24-09-2024 11:55:04 verbose: Verbose message
24-09-2024 11:55:04 debug: Debugging info
24-09-2024 11:55:05 error: Error message
24-09-2024 11:55:05 warn: Warn message
24-09-2024 11:55:05 info: Hello world
24-09-2024 11:55:05 verbose: Verbose message
24-09-2024 11:55:05 debug: Debugging info
24-09-2024 11:59:15 error: Error message
24-09-2024 11:59:15 warn: Warn message
24-09-2024 11:59:15 info: Hello world
24-09-2024 11:59:15 verbose: Verbose message
24-09-2024 11:59:15 debug: Debugging info
