25-09-2024 09:42:49 [server.js] error: Error message
25-09-2024 09:42:49 [server.js] warn: Warn message
25-09-2024 09:42:49 [server.js] info: Hello world
25-09-2024 09:42:49 [server.js] verbose: Verbose message
25-09-2024 09:42:49 [server.js] debug: Debugging info
25-09-2024 10:42:08 [server.js] error: Error message
25-09-2024 10:42:08 [server.js] warn: Warn message
25-09-2024 10:42:08 [server.js] info: Hello world
25-09-2024 10:42:08 [server.js] verbose: Verbose message
25-09-2024 10:42:08 [server.js] debug: Debugging info
25-09-2024 10:42:11 [server.js] error: Error message
25-09-2024 10:42:11 [server.js] warn: Warn message
25-09-2024 10:42:11 [server.js] info: Hello world
25-09-2024 10:42:11 [server.js] verbose: Verbose message
25-09-2024 10:42:11 [server.js] debug: Debugging info
25-09-2024 10:42:15 [server.js] error: Error message
25-09-2024 10:42:15 [server.js] warn: Warn message
25-09-2024 10:42:15 [server.js] info: Hello world
25-09-2024 10:42:15 [server.js] verbose: Verbose message
25-09-2024 10:42:15 [server.js] debug: Debugging info
25-09-2024 10:42:18 [server.js] error: Error message
25-09-2024 10:42:18 [server.js] warn: Warn message
25-09-2024 10:42:18 [server.js] info: Hello world
25-09-2024 10:42:18 [server.js] verbose: Verbose message
25-09-2024 10:42:18 [server.js] debug: Debugging info
25-09-2024 10:42:39 [server.js] error: Error message
25-09-2024 10:42:39 [server.js] warn: Warn message
25-09-2024 10:42:39 [server.js] info: Hello world
25-09-2024 10:42:39 [server.js] verbose: Verbose message
25-09-2024 10:42:39 [server.js] debug: Debugging info
25-09-2024 10:42:58 [server.js] error: Error message
25-09-2024 10:42:58 [server.js] warn: Warn message
25-09-2024 10:42:58 [server.js] info: Hello world
25-09-2024 10:42:58 [server.js] verbose: Verbose message
25-09-2024 10:42:58 [server.js] debug: Debugging info
25-09-2024 10:43:02 [server.js] error: Error message
25-09-2024 10:43:02 [server.js] warn: Warn message
25-09-2024 10:43:02 [server.js] info: Hello world
25-09-2024 10:43:02 [server.js] verbose: Verbose message
25-09-2024 10:43:02 [server.js] debug: Debugging info
25-09-2024 10:43:05 [server.js] error: Error message
25-09-2024 10:43:05 [server.js] warn: Warn message
25-09-2024 10:43:05 [server.js] info: Hello world
25-09-2024 10:43:05 [server.js] verbose: Verbose message
25-09-2024 10:43:05 [server.js] debug: Debugging info
25-09-2024 10:43:07 [server.js] error: Error message
25-09-2024 10:43:07 [server.js] warn: Warn message
25-09-2024 10:43:07 [server.js] info: Hello world
25-09-2024 10:43:07 [server.js] verbose: Verbose message
25-09-2024 10:43:07 [server.js] debug: Debugging info
25-09-2024 10:43:12 [server.js] error: Error message
25-09-2024 10:43:12 [server.js] warn: Warn message
25-09-2024 10:43:12 [server.js] info: Hello world
25-09-2024 10:43:12 [server.js] verbose: Verbose message
25-09-2024 10:43:12 [server.js] debug: Debugging info
25-09-2024 10:51:20 [server.js] error: Error message
25-09-2024 10:51:20 [server.js] warn: Warn message
25-09-2024 10:51:20 [server.js] info: Hello world
25-09-2024 10:51:20 [server.js] verbose: Verbose message
25-09-2024 10:51:20 [server.js] debug: Debugging info
25-09-2024 10:51:23 [server.js] error: Error message
25-09-2024 10:51:23 [server.js] warn: Warn message
25-09-2024 10:51:23 [server.js] info: Hello world
25-09-2024 10:51:23 [server.js] verbose: Verbose message
25-09-2024 10:51:23 [server.js] debug: Debugging info
25-09-2024 15:04:59 [server.js] error: Error message
25-09-2024 15:04:59 [server.js] warn: Warn message
25-09-2024 15:04:59 [server.js] info: Hello world
25-09-2024 15:04:59 [server.js] verbose: Verbose message
25-09-2024 15:04:59 [server.js] debug: Debugging info
25-09-2024 15:05:22 [server.js] error: Error message
25-09-2024 15:05:22 [server.js] warn: Warn message
25-09-2024 15:05:22 [server.js] info: Hello world
25-09-2024 15:05:22 [server.js] verbose: Verbose message
25-09-2024 15:05:22 [server.js] debug: Debugging info
25-09-2024 15:05:31 [server.js] error: Error message
25-09-2024 15:05:31 [server.js] warn: Warn message
25-09-2024 15:05:31 [server.js] info: Hello world
25-09-2024 15:05:31 [server.js] verbose: Verbose message
25-09-2024 15:05:31 [server.js] debug: Debugging info
